# JRE version: Java(TM) SE Runtime Environment (8.0_261-b12) (build 1.8.0_261-b12)
# Java VM: Java HotSpot(TM) 64-Bit Server VM (25.261-b12 mixed mode windows-amd64 compressed oops)
Heap:
 PSYoungGen      total 75776K, used 39537K [0x000000076bd80000, 0x0000000773600000, 0x00000007c0000000)
  eden space 65024K, 48% used [0x000000076bd80000,0x000000076dc324c8,0x000000076fd00000)
  from space 10752K, 75% used [0x000000076fd00000,0x00000007704ea090,0x0000000770780000)
  to   space 10752K, 0% used [0x0000000772b80000,0x0000000772b80000,0x0000000773600000)
 ParOldGen       total 98816K, used 9980K [0x00000006c3800000, 0x00000006c9880000, 0x000000076bd80000)
  object space 98816K, 10% used [0x00000006c3800000,0x00000006c41bf2f0,0x00000006c9880000)
 Metaspace       used 29510K, capacity 31574K, committed 31744K, reserved 1077248K
  class space    used 3942K, capacity 4331K, committed 4352K, reserved 1048576K
GC Heap History (8 events):
Event: 1.094 GC heap before
{Heap before GC invocations=1 (full 0):
 PSYoungGen      total 75776K, used 65024K [0x000000076bd80000, 0x0000000771200000, 0x00000007c0000000)
  eden space 65024K, 100% used [0x000000076bd80000,0x000000076fd00000,0x000000076fd00000)
  from space 10752K, 0% used [0x0000000770780000,0x0000000770780000,0x0000000771200000)
  to   space 10752K, 0% used [0x000000076fd00000,0x000000076fd00000,0x0000000770780000)
 ParOldGen       total 173568K, used 0K [0x00000006c3800000, 0x00000006ce180000, 0x000000076bd80000)
  object space 173568K, 0% used [0x00000006c3800000,0x00000006c3800000,0x00000006ce180000)
 Metaspace       used 15880K, capacity 16554K, committed 16896K, reserved 1064960K
  class space    used 2051K, capacity 2217K, committed 2304K, reserved 1048576K
Event: 1.101 GC heap after
Heap after GC invocations=1 (full 0):
 PSYoungGen      total 75776K, used 9552K [0x000000076bd80000, 0x0000000771200000, 0x00000007c0000000)
  eden space 65024K, 0% used [0x000000076bd80000,0x000000076bd80000,0x000000076fd00000)
  from space 10752K, 88% used [0x000000076fd00000,0x00000007706541f0,0x0000000770780000)
  to   space 10752K, 0% used [0x0000000770780000,0x0000000770780000,0x0000000771200000)
 ParOldGen       total 173568K, used 16K [0x00000006c3800000, 0x00000006ce180000, 0x000000076bd80000)
  object space 173568K, 0% used [0x00000006c3800000,0x00000006c3804000,0x00000006ce180000)
 Metaspace       used 15880K, capacity 16554K, committed 16896K, reserved 1064960K
  class space    used 2051K, capacity 2217K, committed 2304K, reserved 1048576K
}
Event: 1.424 GC heap before
{Heap before GC invocations=2 (full 0):
 PSYoungGen      total 75776K, used 63496K [0x000000076bd80000, 0x0000000771200000, 0x00000007c0000000)
  eden space 65024K, 82% used [0x000000076bd80000,0x000000076f22e020,0x000000076fd00000)
  from space 10752K, 88% used [0x000000076fd00000,0x00000007706541f0,0x0000000770780000)
  to   space 10752K, 0% used [0x0000000770780000,0x0000000770780000,0x0000000771200000)
 ParOldGen       total 173568K, used 16K [0x00000006c3800000, 0x00000006ce180000, 0x000000076bd80000)
  object space 173568K, 0% used [0x00000006c3800000,0x00000006c3804000,0x00000006ce180000)
 Metaspace       used 20215K, capacity 21206K, committed 21296K, reserved 1067008K
  class space    used 2654K, capacity 2895K, committed 2944K, reserved 1048576K
Event: 1.454 GC heap after
Heap after GC invocations=2 (full 0):
 PSYoungGen      total 75776K, used 10347K [0x000000076bd80000, 0x0000000775180000, 0x00000007c0000000)
  eden space 65024K, 0% used [0x000000076bd80000,0x000000076bd80000,0x000000076fd00000)
  from space 10752K, 96% used [0x0000000770780000,0x000000077119afb0,0x0000000771200000)
  to   space 10752K, 0% used [0x000000076fd00000,0x000000076fd00000,0x0000000770780000)
 ParOldGen       total 173568K, used 24K [0x00000006c3800000, 0x00000006ce180000, 0x000000076bd80000)
  object space 173568K, 0% used [0x00000006c3800000,0x00000006c3806000,0x00000006ce180000)
 Metaspace       used 20215K, capacity 21206K, committed 21296K, reserved 1067008K
  class space    used 2654K, capacity 2895K, committed 2944K, reserved 1048576K
}
Event: 1.454 GC heap before
{Heap before GC invocations=3 (full 1):
 PSYoungGen      total 75776K, used 10347K [0x000000076bd80000, 0x0000000775180000, 0x00000007c0000000)
  eden space 65024K, 0% used [0x000000076bd80000,0x000000076bd80000,0x000000076fd00000)
  from space 10752K, 96% used [0x0000000770780000,0x000000077119afb0,0x0000000771200000)
  to   space 10752K, 0% used [0x000000076fd00000,0x000000076fd00000,0x0000000770780000)
 ParOldGen       total 173568K, used 24K [0x00000006c3800000, 0x00000006ce180000, 0x000000076bd80000)
  object space 173568K, 0% used [0x00000006c3800000,0x00000006c3806000,0x00000006ce180000)
 Metaspace       used 20215K, capacity 21206K, committed 21296K, reserved 1067008K
  class space    used 2654K, capacity 2895K, committed 2944K, reserved 1048576K
Event: 1.492 GC heap after
Heap after GC invocations=3 (full 1):
 PSYoungGen      total 75776K, used 0K [0x000000076bd80000, 0x0000000775180000, 0x00000007c0000000)
  eden space 65024K, 0% used [0x000000076bd80000,0x000000076bd80000,0x000000076fd00000)
  from space 10752K, 0% used [0x0000000770780000,0x0000000770780000,0x0000000771200000)
  to   space 10752K, 0% used [0x000000076fd00000,0x000000076fd00000,0x0000000770780000)
 ParOldGen       total 98816K, used 9972K [0x00000006c3800000, 0x00000006c9880000, 0x000000076bd80000)
  object space 98816K, 10% used [0x00000006c3800000,0x00000006c41bd2f0,0x00000006c9880000)
 Metaspace       used 20215K, capacity 21206K, committed 21296K, reserved 1067008K
  class space    used 2654K, capacity 2895K, committed 2944K, reserved 1048576K
}
Event: 1.918 GC heap before
{Heap before GC invocations=4 (full 1):
 PSYoungGen      total 75776K, used 65024K [0x000000076bd80000, 0x0000000775180000, 0x00000007c0000000)
  eden space 65024K, 100% used [0x000000076bd80000,0x000000076fd00000,0x000000076fd00000)
  from space 10752K, 0% used [0x0000000770780000,0x0000000770780000,0x0000000771200000)
  to   space 10752K, 0% used [0x000000076fd00000,0x000000076fd00000,0x0000000770780000)
 ParOldGen       total 98816K, used 9972K [0x00000006c3800000, 0x00000006c9880000, 0x000000076bd80000)
  object space 98816K, 10% used [0x00000006c3800000,0x00000006c41bd2f0,0x00000006c9880000)
 Metaspace       used 26714K, capacity 28488K, committed 28800K, reserved 1075200K
  class space    used 3546K, capacity 3908K, committed 3968K, reserved 1048576K
Event: 1.921 GC heap after
Heap after GC invocations=4 (full 1):
 PSYoungGen      total 75776K, used 8104K [0x000000076bd80000, 0x0000000773600000, 0x00000007c0000000)
  eden space 65024K, 0% used [0x000000076bd80000,0x000000076bd80000,0x000000076fd00000)
  from space 10752K, 75% used [0x000000076fd00000,0x00000007704ea090,0x0000000770780000)
  to   space 10752K, 0% used [0x0000000772b80000,0x0000000772b80000,0x0000000773600000)
 ParOldGen       total 98816K, used 9980K [0x00000006c3800000, 0x00000006c9880000, 0x000000076bd80000)
  object space 98816K, 10% used [0x00000006c3800000,0x00000006c41bf2f0,0x00000006c9880000)
 Metaspace       used 26714K, capacity 28488K, committed 28800K, reserved 1075200K
  class space    used 3546K, capacity 3908K, committed 3968K, reserved 1048576K
}

