# JRE version: Java(TM) SE Runtime Environment (8.0_261-b12) (build 1.8.0_261-b12)
# Java VM: Java HotSpot(TM) 64-Bit Server VM (25.261-b12 mixed mode windows-amd64 compressed oops)
Heap:
 PSYoungGen      total 75776K, used 39712K [0x000000076bd80000, 0x0000000772f80000, 0x00000007c0000000)
  eden space 65024K, 48% used [0x000000076bd80000,0x000000076dc70278,0x000000076fd00000)
  from space 10752K, 74% used [0x000000076fd00000,0x00000007704d7de0,0x0000000770780000)
  to   space 10752K, 0% used [0x0000000772500000,0x0000000772500000,0x0000000772f80000)
 ParOldGen       total 107008K, used 10011K [0x00000006c3800000, 0x00000006ca080000, 0x000000076bd80000)
  object space 107008K, 9% used [0x00000006c3800000,0x00000006c41c6d10,0x00000006ca080000)
 Metaspace       used 29480K, capacity 31574K, committed 31744K, reserved 1077248K
  class space    used 3945K, capacity 4331K, committed 4352K, reserved 1048576K
GC Heap History (8 events):
Event: 1.050 GC heap before
{Heap before GC invocations=1 (full 0):
 PSYoungGen      total 75776K, used 65024K [0x000000076bd80000, 0x0000000771200000, 0x00000007c0000000)
  eden space 65024K, 100% used [0x000000076bd80000,0x000000076fd00000,0x000000076fd00000)
  from space 10752K, 0% used [0x0000000770780000,0x0000000770780000,0x0000000771200000)
  to   space 10752K, 0% used [0x000000076fd00000,0x000000076fd00000,0x0000000770780000)
 ParOldGen       total 173568K, used 0K [0x00000006c3800000, 0x00000006ce180000, 0x000000076bd80000)
  object space 173568K, 0% used [0x00000006c3800000,0x00000006c3800000,0x00000006ce180000)
 Metaspace       used 15877K, capacity 16558K, committed 16896K, reserved 1064960K
  class space    used 2051K, capacity 2217K, committed 2304K, reserved 1048576K
Event: 1.056 GC heap after
Heap after GC invocations=1 (full 0):
 PSYoungGen      total 75776K, used 9552K [0x000000076bd80000, 0x0000000771200000, 0x00000007c0000000)
  eden space 65024K, 0% used [0x000000076bd80000,0x000000076bd80000,0x000000076fd00000)
  from space 10752K, 88% used [0x000000076fd00000,0x00000007706540f0,0x0000000770780000)
  to   space 10752K, 0% used [0x0000000770780000,0x0000000770780000,0x0000000771200000)
 ParOldGen       total 173568K, used 16K [0x00000006c3800000, 0x00000006ce180000, 0x000000076bd80000)
  object space 173568K, 0% used [0x00000006c3800000,0x00000006c3804000,0x00000006ce180000)
 Metaspace       used 15877K, capacity 16558K, committed 16896K, reserved 1064960K
  class space    used 2051K, capacity 2217K, committed 2304K, reserved 1048576K
}
Event: 1.422 GC heap before
{Heap before GC invocations=2 (full 0):
 PSYoungGen      total 75776K, used 63466K [0x000000076bd80000, 0x0000000771200000, 0x00000007c0000000)
  eden space 65024K, 82% used [0x000000076bd80000,0x000000076f226820,0x000000076fd00000)
  from space 10752K, 88% used [0x000000076fd00000,0x00000007706540f0,0x0000000770780000)
  to   space 10752K, 0% used [0x0000000770780000,0x0000000770780000,0x0000000771200000)
 ParOldGen       total 173568K, used 16K [0x00000006c3800000, 0x00000006ce180000, 0x000000076bd80000)
  object space 173568K, 0% used [0x00000006c3800000,0x00000006c3804000,0x00000006ce180000)
 Metaspace       used 20197K, capacity 21210K, committed 21296K, reserved 1067008K
  class space    used 2650K, capacity 2895K, committed 2944K, reserved 1048576K
Event: 1.434 GC heap after
Heap after GC invocations=2 (full 0):
 PSYoungGen      total 75776K, used 10355K [0x000000076bd80000, 0x0000000775180000, 0x00000007c0000000)
  eden space 65024K, 0% used [0x000000076bd80000,0x000000076bd80000,0x000000076fd00000)
  from space 10752K, 96% used [0x0000000770780000,0x000000077119cea8,0x0000000771200000)
  to   space 10752K, 0% used [0x000000076fd00000,0x000000076fd00000,0x0000000770780000)
 ParOldGen       total 173568K, used 24K [0x00000006c3800000, 0x00000006ce180000, 0x000000076bd80000)
  object space 173568K, 0% used [0x00000006c3800000,0x00000006c3806000,0x00000006ce180000)
 Metaspace       used 20197K, capacity 21210K, committed 21296K, reserved 1067008K
  class space    used 2650K, capacity 2895K, committed 2944K, reserved 1048576K
}
Event: 1.434 GC heap before
{Heap before GC invocations=3 (full 1):
 PSYoungGen      total 75776K, used 10355K [0x000000076bd80000, 0x0000000775180000, 0x00000007c0000000)
  eden space 65024K, 0% used [0x000000076bd80000,0x000000076bd80000,0x000000076fd00000)
  from space 10752K, 96% used [0x0000000770780000,0x000000077119cea8,0x0000000771200000)
  to   space 10752K, 0% used [0x000000076fd00000,0x000000076fd00000,0x0000000770780000)
 ParOldGen       total 173568K, used 24K [0x00000006c3800000, 0x00000006ce180000, 0x000000076bd80000)
  object space 173568K, 0% used [0x00000006c3800000,0x00000006c3806000,0x00000006ce180000)
 Metaspace       used 20197K, capacity 21210K, committed 21296K, reserved 1067008K
  class space    used 2650K, capacity 2895K, committed 2944K, reserved 1048576K
Event: 1.459 GC heap after
Heap after GC invocations=3 (full 1):
 PSYoungGen      total 75776K, used 0K [0x000000076bd80000, 0x0000000775180000, 0x00000007c0000000)
  eden space 65024K, 0% used [0x000000076bd80000,0x000000076bd80000,0x000000076fd00000)
  from space 10752K, 0% used [0x0000000770780000,0x0000000770780000,0x0000000771200000)
  to   space 10752K, 0% used [0x000000076fd00000,0x000000076fd00000,0x0000000770780000)
 ParOldGen       total 107008K, used 10003K [0x00000006c3800000, 0x00000006ca080000, 0x000000076bd80000)
  object space 107008K, 9% used [0x00000006c3800000,0x00000006c41c4d10,0x00000006ca080000)
 Metaspace       used 20197K, capacity 21210K, committed 21296K, reserved 1067008K
  class space    used 2650K, capacity 2895K, committed 2944K, reserved 1048576K
}
Event: 1.920 GC heap before
{Heap before GC invocations=4 (full 1):
 PSYoungGen      total 75776K, used 65024K [0x000000076bd80000, 0x0000000775180000, 0x00000007c0000000)
  eden space 65024K, 100% used [0x000000076bd80000,0x000000076fd00000,0x000000076fd00000)
  from space 10752K, 0% used [0x0000000770780000,0x0000000770780000,0x0000000771200000)
  to   space 10752K, 0% used [0x000000076fd00000,0x000000076fd00000,0x0000000770780000)
 ParOldGen       total 107008K, used 10003K [0x00000006c3800000, 0x00000006ca080000, 0x000000076bd80000)
  object space 107008K, 9% used [0x00000006c3800000,0x00000006c41c4d10,0x00000006ca080000)
 Metaspace       used 26670K, capacity 28396K, committed 28544K, reserved 1073152K
  class space    used 3545K, capacity 3876K, committed 3968K, reserved 1048576K
Event: 1.924 GC heap after
Heap after GC invocations=4 (full 1):
 PSYoungGen      total 75776K, used 8031K [0x000000076bd80000, 0x0000000772f80000, 0x00000007c0000000)
  eden space 65024K, 0% used [0x000000076bd80000,0x000000076bd80000,0x000000076fd00000)
  from space 10752K, 74% used [0x000000076fd00000,0x00000007704d7de0,0x0000000770780000)
  to   space 10752K, 0% used [0x0000000772500000,0x0000000772500000,0x0000000772f80000)
 ParOldGen       total 107008K, used 10011K [0x00000006c3800000, 0x00000006ca080000, 0x000000076bd80000)
  object space 107008K, 9% used [0x00000006c3800000,0x00000006c41c6d10,0x00000006ca080000)
 Metaspace       used 26670K, capacity 28396K, committed 28544K, reserved 1073152K
  class space    used 3545K, capacity 3876K, committed 3968K, reserved 1048576K
}

