# JRE version: Java(TM) SE Runtime Environment (8.0_261-b12) (build 1.8.0_261-b12)
# Java VM: Java HotSpot(TM) 64-Bit Server VM (25.261-b12 mixed mode windows-amd64 compressed oops)
Heap:
 PSYoungGen      total 75776K, used 39283K [0x000000076bd80000, 0x0000000772780000, 0x00000007c0000000)
  eden space 65024K, 47% used [0x000000076bd80000,0x000000076dbe1a40,0x000000076fd00000)
  from space 10752K, 76% used [0x000000076fd00000,0x00000007704fb3e0,0x0000000770780000)
  to   space 10752K, 0% used [0x0000000771d00000,0x0000000771d00000,0x0000000772780000)
 ParOldGen       total 116224K, used 9880K [0x00000006c3800000, 0x00000006ca980000, 0x000000076bd80000)
  object space 116224K, 8% used [0x00000006c3800000,0x00000006c41a60a8,0x00000006ca980000)
 Metaspace       used 29465K, capacity 31518K, committed 31744K, reserved 1077248K
  class space    used 3942K, capacity 4331K, committed 4352K, reserved 1048576K
GC Heap History (8 events):
Event: 1.073 GC heap before
{Heap before GC invocations=1 (full 0):
 PSYoungGen      total 75776K, used 65024K [0x000000076bd80000, 0x0000000771200000, 0x00000007c0000000)
  eden space 65024K, 100% used [0x000000076bd80000,0x000000076fd00000,0x000000076fd00000)
  from space 10752K, 0% used [0x0000000770780000,0x0000000770780000,0x0000000771200000)
  to   space 10752K, 0% used [0x000000076fd00000,0x000000076fd00000,0x0000000770780000)
 ParOldGen       total 173568K, used 0K [0x00000006c3800000, 0x00000006ce180000, 0x000000076bd80000)
  object space 173568K, 0% used [0x00000006c3800000,0x00000006c3800000,0x00000006ce180000)
 Metaspace       used 15976K, capacity 16682K, committed 16896K, reserved 1064960K
  class space    used 2061K, capacity 2217K, committed 2304K, reserved 1048576K
Event: 1.081 GC heap after
Heap after GC invocations=1 (full 0):
 PSYoungGen      total 75776K, used 9599K [0x000000076bd80000, 0x0000000771200000, 0x00000007c0000000)
  eden space 65024K, 0% used [0x000000076bd80000,0x000000076bd80000,0x000000076fd00000)
  from space 10752K, 89% used [0x000000076fd00000,0x000000077065fdb0,0x0000000770780000)
  to   space 10752K, 0% used [0x0000000770780000,0x0000000770780000,0x0000000771200000)
 ParOldGen       total 173568K, used 16K [0x00000006c3800000, 0x00000006ce180000, 0x000000076bd80000)
  object space 173568K, 0% used [0x00000006c3800000,0x00000006c3804000,0x00000006ce180000)
 Metaspace       used 15976K, capacity 16682K, committed 16896K, reserved 1064960K
  class space    used 2061K, capacity 2217K, committed 2304K, reserved 1048576K
}
Event: 1.432 GC heap before
{Heap before GC invocations=2 (full 0):
 PSYoungGen      total 75776K, used 61372K [0x000000076bd80000, 0x0000000771200000, 0x00000007c0000000)
  eden space 65024K, 79% used [0x000000076bd80000,0x000000076f00f3f8,0x000000076fd00000)
  from space 10752K, 89% used [0x000000076fd00000,0x000000077065fdb0,0x0000000770780000)
  to   space 10752K, 0% used [0x0000000770780000,0x0000000770780000,0x0000000771200000)
 ParOldGen       total 173568K, used 16K [0x00000006c3800000, 0x00000006ce180000, 0x000000076bd80000)
  object space 173568K, 0% used [0x00000006c3800000,0x00000006c3804000,0x00000006ce180000)
 Metaspace       used 20181K, capacity 21210K, committed 21296K, reserved 1067008K
  class space    used 2648K, capacity 2895K, committed 2944K, reserved 1048576K
Event: 1.441 GC heap after
Heap after GC invocations=2 (full 0):
 PSYoungGen      total 75776K, used 10211K [0x000000076bd80000, 0x0000000775180000, 0x00000007c0000000)
  eden space 65024K, 0% used [0x000000076bd80000,0x000000076bd80000,0x000000076fd00000)
  from space 10752K, 94% used [0x0000000770780000,0x0000000771178e48,0x0000000771200000)
  to   space 10752K, 0% used [0x000000076fd00000,0x000000076fd00000,0x0000000770780000)
 ParOldGen       total 173568K, used 24K [0x00000006c3800000, 0x00000006ce180000, 0x000000076bd80000)
  object space 173568K, 0% used [0x00000006c3800000,0x00000006c3806000,0x00000006ce180000)
 Metaspace       used 20181K, capacity 21210K, committed 21296K, reserved 1067008K
  class space    used 2648K, capacity 2895K, committed 2944K, reserved 1048576K
}
Event: 1.441 GC heap before
{Heap before GC invocations=3 (full 1):
 PSYoungGen      total 75776K, used 10211K [0x000000076bd80000, 0x0000000775180000, 0x00000007c0000000)
  eden space 65024K, 0% used [0x000000076bd80000,0x000000076bd80000,0x000000076fd00000)
  from space 10752K, 94% used [0x0000000770780000,0x0000000771178e48,0x0000000771200000)
  to   space 10752K, 0% used [0x000000076fd00000,0x000000076fd00000,0x0000000770780000)
 ParOldGen       total 173568K, used 24K [0x00000006c3800000, 0x00000006ce180000, 0x000000076bd80000)
  object space 173568K, 0% used [0x00000006c3800000,0x00000006c3806000,0x00000006ce180000)
 Metaspace       used 20181K, capacity 21210K, committed 21296K, reserved 1067008K
  class space    used 2648K, capacity 2895K, committed 2944K, reserved 1048576K
Event: 1.476 GC heap after
Heap after GC invocations=3 (full 1):
 PSYoungGen      total 75776K, used 0K [0x000000076bd80000, 0x0000000775180000, 0x00000007c0000000)
  eden space 65024K, 0% used [0x000000076bd80000,0x000000076bd80000,0x000000076fd00000)
  from space 10752K, 0% used [0x0000000770780000,0x0000000770780000,0x0000000771200000)
  to   space 10752K, 0% used [0x000000076fd00000,0x000000076fd00000,0x0000000770780000)
 ParOldGen       total 116224K, used 9872K [0x00000006c3800000, 0x00000006ca980000, 0x000000076bd80000)
  object space 116224K, 8% used [0x00000006c3800000,0x00000006c41a40a8,0x00000006ca980000)
 Metaspace       used 20181K, capacity 21210K, committed 21296K, reserved 1067008K
  class space    used 2648K, capacity 2895K, committed 2944K, reserved 1048576K
}
Event: 1.901 GC heap before
{Heap before GC invocations=4 (full 1):
 PSYoungGen      total 75776K, used 65024K [0x000000076bd80000, 0x0000000775180000, 0x00000007c0000000)
  eden space 65024K, 100% used [0x000000076bd80000,0x000000076fd00000,0x000000076fd00000)
  from space 10752K, 0% used [0x0000000770780000,0x0000000770780000,0x0000000771200000)
  to   space 10752K, 0% used [0x000000076fd00000,0x000000076fd00000,0x0000000770780000)
 ParOldGen       total 116224K, used 9872K [0x00000006c3800000, 0x00000006ca980000, 0x000000076bd80000)
  object space 116224K, 8% used [0x00000006c3800000,0x00000006c41a40a8,0x00000006ca980000)
 Metaspace       used 26676K, capacity 28396K, committed 28544K, reserved 1073152K
  class space    used 3547K, capacity 3876K, committed 3968K, reserved 1048576K
Event: 1.905 GC heap after
Heap after GC invocations=4 (full 1):
 PSYoungGen      total 75776K, used 8172K [0x000000076bd80000, 0x0000000772780000, 0x00000007c0000000)
  eden space 65024K, 0% used [0x000000076bd80000,0x000000076bd80000,0x000000076fd00000)
  from space 10752K, 76% used [0x000000076fd00000,0x00000007704fb3e0,0x0000000770780000)
  to   space 10752K, 0% used [0x0000000771d00000,0x0000000771d00000,0x0000000772780000)
 ParOldGen       total 116224K, used 9880K [0x00000006c3800000, 0x00000006ca980000, 0x000000076bd80000)
  object space 116224K, 8% used [0x00000006c3800000,0x00000006c41a60a8,0x00000006ca980000)
 Metaspace       used 26676K, capacity 28396K, committed 28544K, reserved 1073152K
  class space    used 3547K, capacity 3876K, committed 3968K, reserved 1048576K
}

