# JRE version: Java(TM) SE Runtime Environment (8.0_261-b12) (build 1.8.0_261-b12)
# Java VM: Java HotSpot(TM) 64-Bit Server VM (25.261-b12 mixed mode windows-amd64 compressed oops)
Heap:
 PSYoungGen      total 75776K, used 60543K [0x000000076bd80000, 0x0000000773680000, 0x00000007c0000000)
  eden space 65024K, 80% used [0x000000076bd80000,0x000000076f0d72f8,0x000000076fd00000)
  from space 10752K, 74% used [0x000000076fd00000,0x00000007704c8ba0,0x0000000770780000)
  to   space 10752K, 0% used [0x0000000772c00000,0x0000000772c00000,0x0000000773680000)
 ParOldGen       total 100352K, used 10637K [0x00000006c3800000, 0x00000006c9a00000, 0x000000076bd80000)
  object space 100352K, 10% used [0x00000006c3800000,0x00000006c4263718,0x00000006c9a00000)
 Metaspace       used 29995K, capacity 32138K, committed 32304K, reserved 1077248K
  class space    used 3959K, capacity 4363K, committed 4400K, reserved 1048576K
GC Heap History (8 events):
Event: 1.924 GC heap before
{Heap before GC invocations=1 (full 0):
 PSYoungGen      total 75776K, used 65024K [0x000000076bd80000, 0x0000000771200000, 0x00000007c0000000)
  eden space 65024K, 100% used [0x000000076bd80000,0x000000076fd00000,0x000000076fd00000)
  from space 10752K, 0% used [0x0000000770780000,0x0000000770780000,0x0000000771200000)
  to   space 10752K, 0% used [0x000000076fd00000,0x000000076fd00000,0x0000000770780000)
 ParOldGen       total 173568K, used 0K [0x00000006c3800000, 0x00000006ce180000, 0x000000076bd80000)
  object space 173568K, 0% used [0x00000006c3800000,0x00000006c3800000,0x00000006ce180000)
 Metaspace       used 14782K, capacity 15490K, committed 15616K, reserved 1062912K
  class space    used 1888K, capacity 2043K, committed 2048K, reserved 1048576K
Event: 1.930 GC heap after
Heap after GC invocations=1 (full 0):
 PSYoungGen      total 75776K, used 8048K [0x000000076bd80000, 0x0000000771200000, 0x00000007c0000000)
  eden space 65024K, 0% used [0x000000076bd80000,0x000000076bd80000,0x000000076fd00000)
  from space 10752K, 74% used [0x000000076fd00000,0x00000007704dc020,0x0000000770780000)
  to   space 10752K, 0% used [0x0000000770780000,0x0000000770780000,0x0000000771200000)
 ParOldGen       total 173568K, used 16K [0x00000006c3800000, 0x00000006ce180000, 0x000000076bd80000)
  object space 173568K, 0% used [0x00000006c3800000,0x00000006c3804000,0x00000006ce180000)
 Metaspace       used 14782K, capacity 15490K, committed 15616K, reserved 1062912K
  class space    used 1888K, capacity 2043K, committed 2048K, reserved 1048576K
}
Event: 2.205 GC heap before
{Heap before GC invocations=2 (full 0):
 PSYoungGen      total 75776K, used 63355K [0x000000076bd80000, 0x0000000771200000, 0x00000007c0000000)
  eden space 65024K, 85% used [0x000000076bd80000,0x000000076f382f08,0x000000076fd00000)
  from space 10752K, 74% used [0x000000076fd00000,0x00000007704dc020,0x0000000770780000)
  to   space 10752K, 0% used [0x0000000770780000,0x0000000770780000,0x0000000771200000)
 ParOldGen       total 173568K, used 16K [0x00000006c3800000, 0x00000006ce180000, 0x000000076bd80000)
  object space 173568K, 0% used [0x00000006c3800000,0x00000006c3804000,0x00000006ce180000)
 Metaspace       used 20347K, capacity 21238K, committed 21296K, reserved 1067008K
  class space    used 2623K, capacity 2823K, committed 2864K, reserved 1048576K
Event: 2.216 GC heap after
Heap after GC invocations=2 (full 0):
 PSYoungGen      total 75776K, used 10736K [0x000000076bd80000, 0x0000000775180000, 0x00000007c0000000)
  eden space 65024K, 0% used [0x000000076bd80000,0x000000076bd80000,0x000000076fd00000)
  from space 10752K, 99% used [0x0000000770780000,0x00000007711fc278,0x0000000771200000)
  to   space 10752K, 0% used [0x000000076fd00000,0x000000076fd00000,0x0000000770780000)
 ParOldGen       total 173568K, used 269K [0x00000006c3800000, 0x00000006ce180000, 0x000000076bd80000)
  object space 173568K, 0% used [0x00000006c3800000,0x00000006c3843600,0x00000006ce180000)
 Metaspace       used 20347K, capacity 21238K, committed 21296K, reserved 1067008K
  class space    used 2623K, capacity 2823K, committed 2864K, reserved 1048576K
}
Event: 2.216 GC heap before
{Heap before GC invocations=3 (full 1):
 PSYoungGen      total 75776K, used 10736K [0x000000076bd80000, 0x0000000775180000, 0x00000007c0000000)
  eden space 65024K, 0% used [0x000000076bd80000,0x000000076bd80000,0x000000076fd00000)
  from space 10752K, 99% used [0x0000000770780000,0x00000007711fc278,0x0000000771200000)
  to   space 10752K, 0% used [0x000000076fd00000,0x000000076fd00000,0x0000000770780000)
 ParOldGen       total 173568K, used 269K [0x00000006c3800000, 0x00000006ce180000, 0x000000076bd80000)
  object space 173568K, 0% used [0x00000006c3800000,0x00000006c3843600,0x00000006ce180000)
 Metaspace       used 20347K, capacity 21238K, committed 21296K, reserved 1067008K
  class space    used 2623K, capacity 2823K, committed 2864K, reserved 1048576K
Event: 2.241 GC heap after
Heap after GC invocations=3 (full 1):
 PSYoungGen      total 75776K, used 0K [0x000000076bd80000, 0x0000000775180000, 0x00000007c0000000)
  eden space 65024K, 0% used [0x000000076bd80000,0x000000076bd80000,0x000000076fd00000)
  from space 10752K, 0% used [0x0000000770780000,0x0000000770780000,0x0000000771200000)
  to   space 10752K, 0% used [0x000000076fd00000,0x000000076fd00000,0x0000000770780000)
 ParOldGen       total 100352K, used 10629K [0x00000006c3800000, 0x00000006c9a00000, 0x000000076bd80000)
  object space 100352K, 10% used [0x00000006c3800000,0x00000006c4261718,0x00000006c9a00000)
 Metaspace       used 20347K, capacity 21238K, committed 21296K, reserved 1067008K
  class space    used 2623K, capacity 2823K, committed 2864K, reserved 1048576K
}
Event: 2.735 GC heap before
{Heap before GC invocations=4 (full 1):
 PSYoungGen      total 75776K, used 65024K [0x000000076bd80000, 0x0000000775180000, 0x00000007c0000000)
  eden space 65024K, 100% used [0x000000076bd80000,0x000000076fd00000,0x000000076fd00000)
  from space 10752K, 0% used [0x0000000770780000,0x0000000770780000,0x0000000771200000)
  to   space 10752K, 0% used [0x000000076fd00000,0x000000076fd00000,0x0000000770780000)
 ParOldGen       total 100352K, used 10629K [0x00000006c3800000, 0x00000006c9a00000, 0x000000076bd80000)
  object space 100352K, 10% used [0x00000006c3800000,0x00000006c4261718,0x00000006c9a00000)
 Metaspace       used 25524K, capacity 27254K, committed 27568K, reserved 1073152K
  class space    used 3354K, capacity 3693K, committed 3760K, reserved 1048576K
Event: 2.738 GC heap after
Heap after GC invocations=4 (full 1):
 PSYoungGen      total 75776K, used 7970K [0x000000076bd80000, 0x0000000773680000, 0x00000007c0000000)
  eden space 65024K, 0% used [0x000000076bd80000,0x000000076bd80000,0x000000076fd00000)
  from space 10752K, 74% used [0x000000076fd00000,0x00000007704c8ba0,0x0000000770780000)
  to   space 10752K, 0% used [0x0000000772c00000,0x0000000772c00000,0x0000000773680000)
 ParOldGen       total 100352K, used 10637K [0x00000006c3800000, 0x00000006c9a00000, 0x000000076bd80000)
  object space 100352K, 10% used [0x00000006c3800000,0x00000006c4263718,0x00000006c9a00000)
 Metaspace       used 25524K, capacity 27254K, committed 27568K, reserved 1073152K
  class space    used 3354K, capacity 3693K, committed 3760K, reserved 1048576K
}

